Vivado Simulator 2018.3
Copyright 1986-1999, 2001-2018 Xilinx, Inc. All Rights Reserved.
Running: E:/Xilinx/Vivado/2018.3/bin/unwrapped/win64.o/xelab.exe -wto c2de648d80c44912b6e4a6e0bbb00df8 --incr --debug typical --relax --mt 2 -L xil_defaultlib -L unisims_ver -L unimacro_ver -L secureip --snapshot testbench_POOL_behav xil_defaultlib.testbench_POOL xil_defaultlib.glbl -log elaborate.log 
Using 2 slave threads.
Starting static elaboration
Completed static elaboration
Starting simulation data flow analysis
WARNING: [XSIM 43-4100] "D:/ZhaoTenghaoDocument/SNN/20260304/Pool/Pool.sim/sim_1/behav/xsim/glbl.v" Line 6. Module glbl has a timescale but at least one module in design doesn't have timescale.
Completed simulation data flow analysis
Time Resolution for simulation is 1ps
Compiling module xil_defaultlib.sirv_gnrl_dfflr(DW=1)
Compiling module xil_defaultlib.sirv_gnrl_dfflr(DW=4)
Compiling module xil_defaultlib.sirv_gnrl_dfflr(DW=10)
Compiling module xil_defaultlib.sirv_gnrl_dfflr(DW=20)
Compiling module xil_defaultlib.sirv_gnrl_dfflr(DW=42)
Compiling module xil_defaultlib.sirv_gnrl_dfflr
Compiling module xil_defaultlib.POOL_rd_SRAM_ctrl
Compiling module xil_defaultlib.sirv_gnrl_dfflr(DW=16)
Compiling module xil_defaultlib.POOL_cal
Compiling module xil_defaultlib.POOL_wr_SRAM_ctrl
Compiling module xil_defaultlib.POOL_TOP
Compiling module xil_defaultlib.DP_SRAM(DATA_WIDTH=16)
Compiling module xil_defaultlib.testbench_POOL
Compiling module xil_defaultlib.glbl
Built simulation snapshot testbench_POOL_behav
