Vivado Simulator 2019.2
Time resolution is 1 ps
[PASS] W0_single_point exp=5 got=5
[PASS] W1_positive exp=12 got=12
[PASS] W2_all_negative exp=-3 got=-3
[PASS] W3_first_invalid exp=4 got=4
[PASS] W4_all_invalid exp=-32768 got=-32768
[PASS] W5_equal_tie exp=9 got=9
[PASS] W6_mixed_fixed exp=102 got=102
[PASS] W7_x_vld_ignored exp=7 got=7
[PASS] RND_0_len11 exp=28680 got=28680
[PASS] RND_1_len12 exp=27005 got=27005
[PASS] RND_2_len1 exp=-32768 got=-32768
[PASS] RND_3_len2 exp=29848 got=29848
[PASS] RND_4_len2 exp=-22446 got=-22446
[PASS] RND_5_len10 exp=30952 got=30952
[PASS] RND_6_len9 exp=31616 got=31616
[PASS] RND_7_len9 exp=28294 got=28294
[PASS] RND_8_len2 exp=19438 got=19438
[PASS] RND_9_len7 exp=30070 got=30070
[PASS] RND_10_len12 exp=30039 got=30039
[PASS] RND_11_len3 exp=-32768 got=-32768
[PASS] RND_12_len8 exp=26811 got=26811
[PASS] RND_13_len9 exp=19032 got=19032
[PASS] RND_14_len7 exp=12791 got=12791
[PASS] RND_15_len7 exp=32197 got=32197
[PASS] RND_16_len3 exp=29769 got=29769
[PASS] RND_17_len9 exp=20091 got=20091
[PASS] RND_18_len9 exp=24367 got=24367
[PASS] RND_19_len4 exp=28086 got=28086
[PASS] RND_20_len11 exp=27270 got=27270
[PASS] RND_21_len12 exp=19085 got=19085
[PASS] RND_22_len3 exp=25513 got=25513
[PASS] RND_23_len10 exp=12289 got=12289
[PASS] RND_24_len10 exp=19421 got=19421
[PASS] RND_25_len6 exp=11588 got=11588
[PASS] RND_26_len9 exp=32466 got=32466
[PASS] RND_27_len2 exp=-32768 got=-32768
[PASS] RND_28_len2 exp=22410 got=22410
[PASS] RND_29_len1 exp=-16281 got=-16281
[PASS] RND_30_len9 exp=9814 got=9814
[PASS] RND_31_len1 exp=-12726 got=-12726
[PASS] RND_32_len9 exp=15119 got=15119
[PASS] RND_33_len10 exp=24620 got=24620
[PASS] RND_34_len11 exp=27613 got=27613
[PASS] RND_35_len9 exp=15568 got=15568
[PASS] RND_36_len1 exp=-32768 got=-32768
[PASS] RND_37_len6 exp=24965 got=24965
[PASS] RND_38_len5 exp=19875 got=19875
[PASS] RND_39_len2 exp=15032 got=15032
[PASS] RND_40_len10 exp=30406 got=30406
[PASS] RND_41_len6 exp=16048 got=16048
[PASS] RND_42_len9 exp=3318 got=3318
[PASS] RND_43_len5 exp=26508 got=26508
[PASS] RND_44_len5 exp=24594 got=24594
[PASS] RND_45_len5 exp=17595 got=17595
[PASS] RND_46_len6 exp=29656 got=29656
[PASS] RND_47_len11 exp=7079 got=7079
[PASS] RND_48_len7 exp=18626 got=18626
[PASS] RND_49_len4 exp=30264 got=30264
[PASS] RND_50_len5 exp=14964 got=14964
[PASS] RND_51_len2 exp=82 got=82
[PASS] RND_52_len7 exp=32276 got=32276
[PASS] RND_53_len4 exp=29948 got=29948
[PASS] RND_54_len12 exp=23266 got=23266
[PASS] RND_55_len11 exp=21631 got=21631
[PASS] RND_56_len7 exp=17872 got=17872
[PASS] RND_57_len1 exp=26709 got=26709
[PASS] RND_58_len9 exp=27467 got=27467
[PASS] RND_59_len4 exp=26872 got=26872
[PASS] RND_60_len3 exp=18627 got=18627
[PASS] RND_61_len1 exp=18480 got=18480
[PASS] RND_62_len8 exp=25740 got=25740
[PASS] RND_63_len5 exp=21830 got=21830
[PASS] RND_64_len10 exp=29489 got=29489
[PASS] RND_65_len10 exp=25956 got=25956
[PASS] RND_66_len3 exp=-29305 got=-29305
[PASS] RND_67_len11 exp=28648 got=28648
[PASS] RND_68_len10 exp=32493 got=32493
[PASS] RND_69_len11 exp=23469 got=23469
[PASS] RND_70_len6 exp=20259 got=20259
[PASS] RND_71_len4 exp=18098 got=18098
[PASS] RND_72_len4 exp=6859 got=6859
[PASS] RND_73_len11 exp=13856 got=13856
[PASS] RND_74_len1 exp=8096 got=8096
[PASS] RND_75_len11 exp=19552 got=19552
[PASS] RND_76_len11 exp=26402 got=26402
[PASS] RND_77_len9 exp=31212 got=31212
[PASS] RND_78_len5 exp=-11143 got=-11143
[PASS] RND_79_len8 exp=30661 got=30661
[PASS] RND_80_len5 exp=5882 got=5882
[PASS] RND_81_len3 exp=30451 got=30451
[PASS] RND_82_len2 exp=-5575 got=-5575
[PASS] RND_83_len8 exp=24724 got=24724
[PASS] RND_84_len2 exp=32142 got=32142
[PASS] RND_85_len1 exp=-26159 got=-26159
[PASS] RND_86_len5 exp=-6862 got=-6862
[PASS] RND_87_len11 exp=32301 got=32301
[PASS] RND_88_len8 exp=24482 got=24482
[PASS] RND_89_len6 exp=26313 got=26313
[PASS] RND_90_len1 exp=997 got=997
[PASS] RND_91_len12 exp=30320 got=30320
[PASS] RND_92_len11 exp=20746 got=20746
[PASS] RND_93_len11 exp=23152 got=23152
[PASS] RND_94_len6 exp=19303 got=19303
[PASS] RND_95_len6 exp=16677 got=16677
[PASS] RND_96_len11 exp=26313 got=26313
[PASS] RND_97_len9 exp=31657 got=31657
[PASS] RND_98_len10 exp=18759 got=18759
[PASS] RND_99_len2 exp=17619 got=17619
[PASS] RND_100_len1 exp=-32768 got=-32768
[PASS] RND_101_len2 exp=-21727 got=-21727
[PASS] RND_102_len8 exp=31542 got=31542
[PASS] RND_103_len12 exp=24350 got=24350
[PASS] RND_104_len8 exp=31773 got=31773
[PASS] RND_105_len10 exp=24232 got=24232
[PASS] RND_106_len8 exp=16100 got=16100
[PASS] RND_107_len5 exp=18318 got=18318
[PASS] RND_108_len10 exp=5316 got=5316
[PASS] RND_109_len2 exp=23454 got=23454
[PASS] RND_110_len11 exp=26459 got=26459
[PASS] RND_111_len5 exp=29868 got=29868
[PASS] RND_112_len9 exp=21275 got=21275
[PASS] RND_113_len1 exp=5409 got=5409
[PASS] RND_114_len1 exp=30102 got=30102
[PASS] RND_115_len7 exp=26673 got=26673
[PASS] RND_116_len12 exp=20421 got=20421
[PASS] RND_117_len8 exp=25580 got=25580
[PASS] RND_118_len9 exp=30969 got=30969
[PASS] RND_119_len6 exp=14245 got=14245
[PASS] RND_120_len5 exp=-7348 got=-7348
[PASS] RND_121_len2 exp=-24210 got=-24210
[PASS] RND_122_len1 exp=-32768 got=-32768
[PASS] RND_123_len2 exp=20869 got=20869
[PASS] RND_124_len1 exp=174 got=174
[PASS] RND_125_len4 exp=20046 got=20046
[PASS] RND_126_len8 exp=23904 got=23904
[PASS] RND_127_len1 exp=-32768 got=-32768
[PASS] RND_128_len3 exp=-22852 got=-22852
[PASS] RND_129_len6 exp=-4118 got=-4118
[PASS] RND_130_len1 exp=13687 got=13687
[PASS] RND_131_len7 exp=18871 got=18871
[PASS] RND_132_len6 exp=-6523 got=-6523
[PASS] RND_133_len10 exp=22994 got=22994
[PASS] RND_134_len12 exp=27513 got=27513
[PASS] RND_135_len8 exp=24525 got=24525
[PASS] RND_136_len8 exp=23407 got=23407
[PASS] RND_137_len5 exp=19967 got=19967
[PASS] RND_138_len4 exp=15415 got=15415
[PASS] RND_139_len8 exp=29691 got=29691
[PASS] RND_140_len3 exp=24849 got=24849
[PASS] RND_141_len1 exp=-32768 got=-32768
[PASS] RND_142_len1 exp=-3128 got=-3128
[PASS] RND_143_len9 exp=29616 got=29616
[PASS] RND_144_len1 exp=-3127 got=-3127
[PASS] RND_145_len4 exp=-30681 got=-30681
[PASS] RND_146_len9 exp=26010 got=26010
[PASS] RND_147_len7 exp=17948 got=17948
[PASS] RND_148_len3 exp=14941 got=14941
[PASS] RND_149_len4 exp=25467 got=25467
[PASS] RND_150_len3 exp=-11331 got=-11331
[PASS] RND_151_len1 exp=-32768 got=-32768
[PASS] RND_152_len12 exp=31347 got=31347
[PASS] RND_153_len9 exp=25475 got=25475
[PASS] RND_154_len11 exp=32663 got=32663
[PASS] RND_155_len8 exp=25930 got=25930
[PASS] RND_156_len1 exp=30587 got=30587
[PASS] RND_157_len5 exp=22346 got=22346
[PASS] RND_158_len12 exp=31992 got=31992
[PASS] RND_159_len3 exp=-8178 got=-8178
[PASS] RND_160_len10 exp=29577 got=29577
[PASS] RND_161_len1 exp=-32768 got=-32768
[PASS] RND_162_len5 exp=19903 got=19903
[PASS] RND_163_len8 exp=24341 got=24341
[PASS] RND_164_len1 exp=28573 got=28573
[PASS] RND_165_len7 exp=17475 got=17475
[PASS] RND_166_len6 exp=21912 got=21912
[PASS] RND_167_len6 exp=22204 got=22204
[PASS] RND_168_len8 exp=32494 got=32494
[PASS] RND_169_len3 exp=23370 got=23370
[PASS] RND_170_len12 exp=32108 got=32108
[PASS] RND_171_len12 exp=24416 got=24416
[PASS] RND_172_len8 exp=27386 got=27386
[PASS] RND_173_len5 exp=26617 got=26617
[PASS] RND_174_len7 exp=10661 got=10661
[PASS] RND_175_len12 exp=21971 got=21971
[PASS] RND_176_len10 exp=32371 got=32371
[PASS] RND_177_len6 exp=23029 got=23029
[PASS] RND_178_len11 exp=28856 got=28856
[PASS] RND_179_len7 exp=30007 got=30007
[PASS] RND_180_len11 exp=28453 got=28453
[PASS] RND_181_len1 exp=-30800 got=-30800
[PASS] RND_182_len7 exp=27482 got=27482
[PASS] RND_183_len1 exp=-18801 got=-18801
[PASS] RND_184_len6 exp=18178 got=18178
[PASS] RND_185_len12 exp=30948 got=30948
[PASS] RND_186_len1 exp=-23952 got=-23952
[PASS] RND_187_len12 exp=19220 got=19220
[PASS] RND_188_len9 exp=32742 got=32742
[PASS] RND_189_len7 exp=30580 got=30580
[PASS] RND_190_len9 exp=31097 got=31097
[PASS] RND_191_len7 exp=4624 got=4624
[PASS] RND_192_len11 exp=22852 got=22852
[PASS] RND_193_len7 exp=21242 got=21242
[PASS] RND_194_len2 exp=17607 got=17607
[PASS] RND_195_len2 exp=-1760 got=-1760
[PASS] RND_196_len11 exp=30048 got=30048
[PASS] RND_197_len